<?xml version="1.0" encoding="UTF-8"?>
<!-- Generated by org.testng.reporters.JUnitReportReporter -->
<testsuite skipped="0" hostname="LAPTOP-QN4VMSOD" name="Requests.AddPlaceAPI" tests="1" failures="0" timestamp="2020-05-19T18:56:55 IST" time="2.525" errors="0">
  <testcase name="addPlace" time="2.525" classname="Requests.AddPlaceAPI"/>
</testsuite> <!-- Requests.AddPlaceAPI -->
