<?xml version="1.0" encoding="UTF-8"?>
<!-- Generated by org.testng.reporters.JUnitReportReporter -->
<testsuite skipped="0" hostname="LAPTOP-QN4VMSOD" name="Requests.AddPlaceAPI" tests="1" failures="0" timestamp="2020-05-18T19:39:26 IST" time="1.841" errors="0">
  <testcase name="addPlace" time="1.841" classname="Requests.AddPlaceAPI"/>
</testsuite> <!-- Requests.AddPlaceAPI -->
