<?xml version="1.0" encoding="UTF-8"?>
<!-- Generated by org.testng.reporters.JUnitReportReporter -->
<testsuite skipped="0" hostname="LAPTOP-QN4VMSOD" name="Requests.GetPlaceAPI" tests="1" failures="0" timestamp="2020-05-18T19:27:54 IST" time="3.538" errors="0">
  <testcase name="getPlaceDetails" time="3.538" classname="Requests.GetPlaceAPI"/>
</testsuite> <!-- Requests.GetPlaceAPI -->
