<?xml version="1.0" encoding="UTF-8"?>
<!-- Generated by org.testng.reporters.JUnitReportReporter -->
<testsuite skipped="0" hostname="LAPTOP-QN4VMSOD" name="utils.JsonReader" tests="1" failures="0" timestamp="2020-05-19T15:43:42 IST" time="0.008" errors="0">
  <testcase name="readJsonfile" time="0.008" classname="utils.JsonReader"/>
</testsuite> <!-- utils.JsonReader -->
